<?xml version="1.0" encoding="UTF-8"?><testsuite failures="0" name="cucumber.runtime.formatter.JUnitFormatter" skipped="0" tests="13" time="64.996527">
<testcase classname="Create capacity shift" name="Create a capacity shift" time="6.16046">
<system-out><![CDATA[Given I access the "staff" site.............................................passed
And I create a capacity shift...............................................passed
]]></system-out>
</testcase>
<testcase classname="Managing the waiting list" name="The user clicks on Edit button for a reservation." time="7.6789">
<system-out><![CDATA[Given I access the "ui" site................................................passed
When I navigate to the Wai List Requests page...............................passed
Then I check if there are any waiting list requests, and if not I create one.passed
And I navigate to the Wai List Requests page................................passed
When I choose to edit the waiting list request..............................passed
Then I can modify the request group size....................................passed
And I log out...............................................................passed
]]></system-out>
</testcase>
<testcase classname="Managing the waiting list" name="Delete all waiting list requests" time="4.031984">
<system-out><![CDATA[Given I access the "ui" site................................................passed
When I navigate to the Wai List Requests page...............................passed
Then I check if there are any waiting list requests, and if not I create one.passed
And I navigate to the Wai List Requests page................................passed
And I cancel all the wait list requests.....................................passed
Then A message informing the user about no wait list found will be visible..passed
And I log out...............................................................passed
]]></system-out>
</testcase>
<testcase classname="Login Feature" name="Login to the UI site" time="1.800878">
<system-out><![CDATA[Given I access the "ui" site................................................passed
Then I should be logged in..................................................passed
And I log out...............................................................passed
]]></system-out>
</testcase>
<testcase classname="Login Feature" name="User submits a Contact Us form" time="4.539178">
<system-out><![CDATA[Given I access the "ui" site................................................passed
Then I should be logged in..................................................passed
And I navigate to the contact us page.......................................passed
And I complete the form and I submit it.....................................passed
]]></system-out>
</testcase>
<testcase classname="Making reservations tests" name="Make a reservation" time="6.102501">
<system-out><![CDATA[Given I access the "staff" site.............................................passed
And I create a capacity shift...............................................passed
Then I access the "ui" site.................................................passed
And I should be logged in...................................................passed
Given I navigate to the Make a Reservation page.............................passed
When I fill in the details..................................................passed
Then I should see the list of available reservations........................passed
And I choose to make a reservation..........................................passed
Then the details of my reservation are saved................................passed
And I log out...............................................................passed
]]></system-out>
</testcase>
<testcase classname="Making reservations tests" name="Add to waiting list" time="6.247039">
<system-out><![CDATA[Given I access the "staff" site.............................................passed
And I create a capacity shift...............................................passed
Then I access the "ui" site.................................................passed
And I should be logged in...................................................passed
Given I navigate to the Make a Reservation page.............................passed
When I fill in the details..................................................passed
Then I should see the list of available reservations........................passed
And I choose to make a reservation for a higher number than available.......passed
When I can choose to add my group to the waiting list.......................passed
]]></system-out>
</testcase>
<testcase classname="Manage reservations feature" name="View my reservations" time="3.319168">
<system-out><![CDATA[Given I access the "ui" site................................................passed
When I navigate to the Manage Reservations page.............................passed
Then I check if there are any active reservations, and if not I create one..passed
Then I can see the reservations my user has.................................passed
And I log out...............................................................passed
]]></system-out>
</testcase>
<testcase classname="Manage reservations feature" name="Modify group size" time="4.728919">
<system-out><![CDATA[Given I access the "ui" site................................................passed
When I navigate to the Manage Reservations page.............................passed
Then I check if there are any active reservations, and if not I create one..passed
When I choose to modify the group size......................................passed
Then The new value is saved.................................................passed
And I log out...............................................................passed
]]></system-out>
</testcase>
<testcase classname="Manage reservations feature" name="The user clicks on the Add/View Group Members link" time="5.124272">
<system-out><![CDATA[Given I access the "ui" site................................................passed
When I navigate to the Manage Reservations page.............................passed
Then I check if there are any active reservations, and if not I create one..passed
When I click on the Add/View Group Members Link.............................passed
Then I should be re-directed to the Add/View Group Members page.............passed
And I log out...............................................................passed
]]></system-out>
</testcase>
<testcase classname="Manage reservations feature" name="Modify group name" time="5.102112">
<system-out><![CDATA[Given I access the "ui" site................................................passed
When I navigate to the Manage Reservations page.............................passed
Then I check if there are any active reservations, and if not I create one..passed
When I click on Add Organization/Group Name link............................passed
And I can add and save a Group Name.........................................passed
Then The name is saved......................................................passed
And I can choose to change or delete it.....................................passed
And I log out...............................................................passed
]]></system-out>
</testcase>
<testcase classname="Manage reservations feature" name="Modify reservation time and date" time="5.565163">
<system-out><![CDATA[Given I access the "ui" site................................................passed
When I navigate to the Manage Reservations page.............................passed
Then I check if there are any active reservations, and if not I create one..passed
Given I click on the Modify Reservation Date/Time button....................passed
Then I can modify the reservation Date or Time..............................passed
And I log out...............................................................passed
]]></system-out>
</testcase>
<testcase classname="Manage reservations feature" name="Cancel active reservations" time="4.595953">
<system-out><![CDATA[Given I access the "ui" site................................................passed
When I navigate to the Manage Reservations page.............................passed
Then I check if there are any active reservations, and if not I create one..passed
Then I select to cancel all the active reservations.........................passed
And I log out...............................................................passed
]]></system-out>
</testcase>
</testsuite>
